Starting your Node.js script...
This is a log message.
This is an error message.
(node:31600) [DEP0040] DeprecationWarning: The `punycode` module is deprecated. Please use a userland alternative instead.
(Use `node --trace-deprecation ...` to show where the warning was created)
Starting your Node.js script...
This is a log message.
This is an error message.
        Handheld Bug Zapper Racket Cordless Fly Swatter Electric with UV Trap Light &amp; Mosquito Bait, Rechargeable Fly Zapper for Home Patio Kitchen Camping       : IN STOCK
Notification sent
Error while scraping: TypeError: Assignment to constant variable.
    at Monitor (file:///Users/vinaypatel/Downloads/Git-repo/amazon_nodejs/amazon.js:141:46)
    at process.processTicksAndRejections (node:internal/process/task_queues:95:5)
Availability Div: undefined
SKU: undefined
Product Image URL: undefined
Product Name: undefined
Price element not found.
Availability Div: undefined
SKU: undefined
Product Image URL: undefined
Product Name: undefined
Price element not found.
Availability Div: undefined
SKU: undefined
Product Image URL: undefined
Product Name: undefined
Price element not found.
Availability Div: undefined
SKU: undefined
Product Image URL: undefined
Product Name: undefined
Price element not found.
Availability Div: undefined
SKU: undefined
Product Image URL: undefined
Product Name: undefined
Price element not found.
Availability Div: 
SKU: B086ZPGH3C
Product Image URL: https://m.media-amazon.com/images/I/71zmVaNwBqS.__AC_SX395_SY395_QL70_FMwebp_.jpg
Product Name:         DREAM PAIRS Men&#39;s Moccasin Slippers Fuzzy Plush House Shoes Indoor Outdoor Fleece Lining Loafers       
OUT OF STOCK
Availability Div: undefined
SKU: undefined
Product Image URL: undefined
Product Name: undefined
Price element not found.
Availability Div: undefined
SKU: undefined
Product Image URL: undefined
Product Name: undefined
Price element not found.
Availability Div: undefined
SKU: undefined
Product Image URL: undefined
Product Name: undefined
Price element not found.
Availability Div: undefined
SKU: undefined
Product Image URL: undefined
Product Name: undefined
Price element not found.
Availability Div: undefined
SKU: undefined
Product Image URL: undefined
Product Name: undefined
Price element not found.
Availability Div: undefined
SKU: undefined
Product Image URL: undefined
Product Name: undefined
Price element not found.
Availability Div: undefined
SKU: undefined
Product Image URL: undefined
Product Name: undefined
Price element not found.
Availability Div: undefined
SKU: undefined
Product Image URL: undefined
Product Name: undefined
Price element not found.
Availability Div: undefined
SKU: undefined
Product Image URL: undefined
Product Name: undefined
Price element not found.
Availability Div: undefined
SKU: undefined
Product Image URL: undefined
Product Name: undefined
Price element not found.
Availability Div: undefined
SKU: undefined
Product Image URL: undefined
Product Name: undefined
Price element not found.
Availability Div: undefined
SKU: undefined
Product Image URL: undefined
Product Name: undefined
Price element not found.
Availability Div: undefined
SKU: undefined
Product Image URL: undefined
Product Name: undefined
Price element not found.
Availability Div: undefined
SKU: undefined
Product Image URL: undefined
Product Name: undefined
Price element not found.
Availability Div: undefined
SKU: undefined
Product Image URL: undefined
Product Name: undefined
Price element not found.
Availability Div: undefined
SKU: undefined
Product Image URL: undefined
Product Name: undefined
Price element not found.
Availability Div: undefined
SKU: undefined
Product Image URL: undefined
Product Name: undefined
Price element not found.
Availability Div: undefined
SKU: undefined
Product Image URL: undefined
Product Name: undefined
Price element not found.
Availability Div: undefined
SKU: undefined
Product Image URL: undefined
Product Name: undefined
Price element not found.
Availability Div: undefined
SKU: undefined
Product Image URL: undefined
Product Name: undefined
Price element not found.
Availability Div: undefined
SKU: undefined
Product Image URL: undefined
Product Name: undefined
Price element not found.
Availability Div: undefined
SKU: undefined
Product Image URL: undefined
Product Name: undefined
Price element not found.
Availability Div: undefined
SKU: undefined
Product Image URL: undefined
Product Name: undefined
Price element not found.
Availability Div: undefined
SKU: undefined
Product Image URL: undefined
Product Name: undefined
Price element not found.
Availability Div: undefined
SKU: undefined
Product Image URL: undefined
Product Name: undefined
Price element not found.
Availability Div: undefined
SKU: undefined
Product Image URL: undefined
Product Name: undefined
Price element not found.
Availability Div: undefined
SKU: undefined
Product Image URL: undefined
Product Name: undefined
Price element not found.
Availability Div: undefined
SKU: undefined
Product Image URL: undefined
Product Name: undefined
Price element not found.
Availability Div: undefined
SKU: undefined
Product Image URL: undefined
Product Name: undefined
Price element not found.
Availability Div: undefined
SKU: undefined
Product Image URL: undefined
Product Name: undefined
Price element not found.
Availability Div: undefined
SKU: undefined
Product Image URL: undefined
Product Name: undefined
Price element not found.
Availability Div: undefined
SKU: undefined
Product Image URL: undefined
Product Name: undefined
Price element not found.
Availability Div: undefined
SKU: undefined
Product Image URL: undefined
Product Name: undefined
Price element not found.
Availability Div: undefined
SKU: undefined
Product Image URL: undefined
Product Name: undefined
Price element not found.
Availability Div: undefined
SKU: undefined
Product Image URL: undefined
Product Name: undefined
Price element not found.
Availability Div: undefined
SKU: undefined
Product Image URL: undefined
Product Name: undefined
Price element not found.
Availability Div: undefined
SKU: undefined
Product Image URL: undefined
Product Name: undefined
Price element not found.
Availability Div: undefined
SKU: undefined
Product Image URL: undefined
Product Name: undefined
Price element not found.
Availability Div: 
SKU: B086ZPGH3C
Product Image URL: https://m.media-amazon.com/images/I/71zmVaNwBqS.__AC_SX395_SY395_QL70_FMwebp_.jpg
Product Name:         DREAM PAIRS Men&#39;s Moccasin Slippers Fuzzy Plush House Shoes Indoor Outdoor Fleece Lining Loafers       
OUT OF STOCK
Availability Div: undefined
SKU: undefined
Product Image URL: undefined
Product Name: undefined
Price element not found.
Availability Div: undefined
SKU: undefined
Product Image URL: undefined
Product Name: undefined
Price element not found.
Availability Div: undefined
SKU: undefined
Product Image URL: undefined
Product Name: undefined
Price element not found.
Availability Div: undefined
SKU: undefined
Product Image URL: undefined
Product Name: undefined
Price element not found.
Availability Div: undefined
SKU: undefined
Product Image URL: undefined
Product Name: undefined
Price element not found.
Availability Div: undefined
SKU: undefined
Product Image URL: undefined
Product Name: undefined
Price element not found.
Availability Div: UOCWRm6AXBoyrRETpBRs4Fgwhmzj8ILa08yS5NlQvZDoddE1MpHattUNRezPdLQYGW9JHGYBMmyl47Nwd4ecQkFaFQu%2FxfX51xx%2BEJqF%2B9Aac9mrmmnhX44Qz7z%2BDbnKyDelRb4e4A2kSq6s7DyqiW324d%2FHPYkRWdwwevxVt0DOUM6lCKBTli0Jit2nqRXT
SKU: B0CJR442G4
Product Image URL: https://m.media-amazon.com/images/I/71dNkpwVMtL.__AC_SX300_SY300_QL70_FMwebp_.jpg
Product Name:         iPad Pen,Stylus Pen for iPad(2018-2023) with Tilt Sensitive, Digital Pens,Fast Charging,Palm Rejection,iPad Pencil,Apple Pen for Apple iPad 6/7/8/9/10, iPad Mini 5/6,iPad Pro 11&#34;/12.9&#34;,iPad Air 3/4/5       
Price: $28.99
Savings Percentage: -9%
        iPad Pen,Stylus Pen for iPad(2018-2023) with Tilt Sensitive, Digital Pens,Fast Charging,Palm Rejection,iPad Pencil,Apple Pen for Apple iPad 6/7/8/9/10, iPad Mini 5/6,iPad Pro 11&#34;/12.9&#34;,iPad Air 3/4/5       : IN STOCK
Notification sent
Error while scraping: TypeError: Assignment to constant variable.
    at Monitor (file:///Users/vinaypatel/Downloads/Git-repo/amazon_nodejs/amazon.js:141:46)
    at process.processTicksAndRejections (node:internal/process/task_queues:95:5)
Availability Div: undefined
SKU: undefined
Product Image URL: undefined
Product Name: undefined
Price element not found.
Availability Div: rm9%2BFIky0xDrBiDrpInqtqKCxBtuH0vLP7FFXKNIb6tJZO0OQPg7SEXt7QYLHA%2BicCYBVLWbs9HnTI8Ab%2FMpqqoZ35s3v%2BE9uAyr4YruAQ9y7s%2BtClCBoNI9UIqlbOxzGfO9jdH45swsVUobSgvzfy0V6MIQ7ifjEjmgNb4orFVO0tuBkq19UoW2vzdmkR%2FO
SKU: B0BKT5SFXY
Product Image URL: https://m.media-amazon.com/images/I/812XEZuyGIL.__AC_SX300_SY300_QL70_FMwebp_.jpg
Product Name:         Kuject Large Shoe Organizers Storage Boxes for Closet 12 Pack, Clear Plastic Stackable Sneaker Containers Bins with Lids, Great Substitute for Shoe Rack, Space Saving for Entryway, Under Bed, Grey       
Price: $41.99
Savings Percentage: -30%
        Kuject Large Shoe Organizers Storage Boxes for Closet 12 Pack, Clear Plastic Stackable Sneaker Containers Bins with Lids, Great Substitute for Shoe Rack, Space Saving for Entryway, Under Bed, Grey       : IN STOCK
Notification sent
Error while scraping: TypeError: Assignment to constant variable.
    at Monitor (file:///Users/vinaypatel/Downloads/Git-repo/amazon_nodejs/amazon.js:141:46)
    at process.processTicksAndRejections (node:internal/process/task_queues:95:5)
Availability Div: undefined
SKU: undefined
Product Image URL: undefined
Product Name: undefined
Price element not found.
Availability Div: undefined
SKU: undefined
Product Image URL: undefined
Product Name: undefined
Price element not found.
Availability Div: undefined
SKU: undefined
Product Image URL: undefined
Product Name: undefined
Price element not found.
Availability Div: undefined
SKU: undefined
Product Image URL: undefined
Product Name: undefined
Price element not found.
Availability Div: undefined
SKU: undefined
Product Image URL: undefined
Product Name: undefined
Price element not found.
Availability Div: undefined
SKU: undefined
Product Image URL: undefined
Product Name: undefined
Price element not found.
Availability Div: undefined
SKU: undefined
Product Image URL: undefined
Product Name: undefined
Price element not found.
Availability Div: undefined
SKU: undefined
Product Image URL: undefined
Product Name: undefined
Price element not found.
Availability Div: undefined
SKU: undefined
Product Image URL: undefined
Product Name: undefined
Price element not found.
Availability Div: undefined
SKU: undefined
Product Image URL: undefined
Product Name: undefined
Price element not found.
Availability Div: JrioyZKM2%2FH9IR9Bo7UPQHwFIRePVlYtG0GZyFgZ1q5VWzyzwk7zdYxIKej1v%2FMCDINHS5h%2F0Fhic65n4YcjMCJSTZPqcBMwEdN2TjrBRFUJcqMoT7qKzPlGvQhDrg0PMHpQF03eoHZe8iQdaiTD56Nx7gch26k4QQ36MJFTTBesFz%2BNugSwhZoeEVFFYw%2FC
SKU: B09YDFND48
Product Image URL: https://m.media-amazon.com/images/I/416tgigmJuL._SX300_SY300_QL70_FMwebp_.jpg
Product Name:         CeraVe AM Face Moisturizer with SPF, PM Face Moisturizer &amp; Hydrating Face Wash Skin Care Routine for Morning &amp; Night | Travel Size Toiletries | 3oz Lotion + 3oz Lotion + 3oz Cleanser       
Price: $39.08
Savings Percentage: -22%
        CeraVe AM Face Moisturizer with SPF, PM Face Moisturizer &amp; Hydrating Face Wash Skin Care Routine for Morning &amp; Night | Travel Size Toiletries | 3oz Lotion + 3oz Lotion + 3oz Cleanser       : IN STOCK
Notification sent
Error while scraping: TypeError: Assignment to constant variable.
    at Monitor (file:///Users/vinaypatel/Downloads/Git-repo/amazon_nodejs/amazon.js:141:46)
    at process.processTicksAndRejections (node:internal/process/task_queues:95:5)
Availability Div: undefined
SKU: undefined
Product Image URL: undefined
Product Name: undefined
Price element not found.
Availability Div: undefined
SKU: undefined
Product Image URL: undefined
Product Name: undefined
Price element not found.
Availability Div: 296q%2BGpDBhRcQsSDPByK4OpnFKYix6eTuiX9oR%2FPaxPAITbsU%2Fll5105dmEtJjW8PfA3hAUUCZlHYRmXl%2B72t6g7GvztZ%2B4RIvJwWRwMk7elkWg9lnBE3qZj54vuqcS6kItq8gFD41CMojy1FSz5Evjw3Z74FgSje0XTK7HqEkQCJVjB27tcQimsR3BeNb3V
SKU: B0CJR442G4
Product Image URL: https://m.media-amazon.com/images/I/71dNkpwVMtL.__AC_SX300_SY300_QL70_FMwebp_.jpg
Product Name:         iPad Pen,Stylus Pen for iPad(2018-2023) with Tilt Sensitive, Digital Pens,Fast Charging,Palm Rejection,iPad Pencil,Apple Pen for Apple iPad 6/7/8/9/10, iPad Mini 5/6,iPad Pro 11&#34;/12.9&#34;,iPad Air 3/4/5       
Price: $28.99
Savings Percentage: -9%
        iPad Pen,Stylus Pen for iPad(2018-2023) with Tilt Sensitive, Digital Pens,Fast Charging,Palm Rejection,iPad Pencil,Apple Pen for Apple iPad 6/7/8/9/10, iPad Mini 5/6,iPad Pro 11&#34;/12.9&#34;,iPad Air 3/4/5       : IN STOCK
Notification sent
Error while scraping: TypeError: Assignment to constant variable.
    at Monitor (file:///Users/vinaypatel/Downloads/Git-repo/amazon_nodejs/amazon.js:141:46)
    at process.processTicksAndRejections (node:internal/process/task_queues:95:5)
Availability Div: undefined
SKU: undefined
Product Image URL: undefined
Product Name: undefined
Price element not found.
Availability Div: undefined
SKU: undefined
Product Image URL: undefined
Product Name: undefined
Price element not found.
Availability Div: undefined
SKU: undefined
Product Image URL: undefined
Product Name: undefined
Price element not found.
Availability Div: undefined
SKU: undefined
Product Image URL: undefined
Product Name: undefined
Price element not found.
Availability Div: undefined
SKU: undefined
Product Image URL: undefined
Product Name: undefined
Price element not found.
Availability Div: undefined
SKU: undefined
Product Image URL: undefined
Product Name: undefined
Price element not found.
Availability Div: undefined
SKU: undefined
Product Image URL: undefined
Product Name: undefined
Price element not found.
Availability Div: undefined
SKU: undefined
Product Image URL: undefined
Product Name: undefined
Price element not found.
Availability Div: undefined
SKU: undefined
Product Image URL: undefined
Product Name: undefined
Price element not found.
Availability Div: undefined
SKU: undefined
Product Image URL: undefined
Product Name: undefined
Price element not found.
Availability Div: undefined
SKU: undefined
Product Image URL: undefined
Product Name: undefined
Price element not found.
Availability Div: undefined
SKU: undefined
Product Image URL: undefined
Product Name: undefined
Price element not found.
Availability Div: undefined
SKU: undefined
Product Image URL: undefined
Product Name: undefined
Price element not found.
Availability Div: undefined
SKU: undefined
Product Image URL: undefined
Product Name: undefined
Price element not found.
Availability Div: undefined
SKU: undefined
Product Image URL: undefined
Product Name: undefined
Price element not found.
Availability Div: undefined
SKU: undefined
Product Image URL: undefined
Product Name: undefined
Price element not found.
Availability Div: undefined
SKU: undefined
Product Image URL: undefined
Product Name: undefined
Price element not found.
Availability Div: undefined
SKU: undefined
Product Image URL: undefined
Product Name: undefined
Price element not found.
Availability Div: undefined
SKU: undefined
Product Image URL: undefined
Product Name: undefined
Price element not found.
Availability Div: undefined
SKU: undefined
Product Image URL: undefined
Product Name: undefined
Price element not found.
Availability Div: undefined
SKU: undefined
Product Image URL: undefined
Product Name: undefined
Price element not found.
Availability Div: undefined
SKU: undefined
Product Image URL: undefined
Product Name: undefined
Price element not found.
Availability Div: undefined
SKU: undefined
Product Image URL: undefined
Product Name: undefined
Price element not found.
Availability Div: undefined
SKU: undefined
Product Image URL: undefined
Product Name: undefined
Price element not found.
Availability Div: undefined
SKU: undefined
Product Image URL: undefined
Product Name: undefined
Price element not found.
Availability Div: undefined
SKU: undefined
Product Image URL: undefined
Product Name: undefined
Price element not found.
Availability Div: undefined
SKU: undefined
Product Image URL: undefined
Product Name: undefined
Price element not found.
Availability Div: undefined
SKU: undefined
Product Image URL: undefined
Product Name: undefined
Price element not found.
Availability Div: undefined
SKU: undefined
Product Image URL: undefined
Product Name: undefined
Price element not found.
Availability Div: undefined
SKU: undefined
Product Image URL: undefined
Product Name: undefined
Price element not found.
Availability Div: undefined
SKU: undefined
Product Image URL: undefined
Product Name: undefined
Price element not found.
Availability Div: undefined
SKU: undefined
Product Image URL: undefined
Product Name: undefined
Price element not found.
Availability Div: undefined
SKU: undefined
Product Image URL: undefined
Product Name: undefined
Price element not found.
Availability Div: undefined
SKU: undefined
Product Image URL: undefined
Product Name: undefined
Price element not found.
Availability Div: undefined
SKU: undefined
Product Image URL: undefined
Product Name: undefined
Price element not found.
Starting your Node.js script...
This is a log message.
This is an error message.
Availability Div: undefined
SKU: undefined
Product Image URL: undefined
Product Name: undefined
Price element not found.
Availability Div: undefined
SKU: undefined
Product Image URL: undefined
Product Name: undefined
Price element not found.
Availability Div: undefined
SKU: undefined
Product Image URL: undefined
Product Name: undefined
Price element not found.
Availability Div: undefined
SKU: undefined
Product Image URL: undefined
Product Name: undefined
Price element not found.
Availability Div: undefined
SKU: undefined
Product Image URL: undefined
Product Name: undefined
Price element not found.
Availability Div: undefined
SKU: undefined
Product Image URL: undefined
Product Name: undefined
Price element not found.
Availability Div: ywgUM82DRi%2FeHCPEXSNtpZF48TmOZLCmD8rtyJNCF%2FUO4K0oZpMcXToo%2FEONp%2F%2FlHPa3QGPBRQVFsX%2Bq0Yr7CEny4SQP1SOgXJ40cT4SzllPuoMDXkIbaI3TF1pB5Db%2FlTe40ZyIPIg9x%2Fa8ZFnhs5STQKGiVuZYmj5kjjxgQJw7zYKNMYpdx%2BREUAcEfdcM
SKU: B07GLTX41W
Product Image URL: https://m.media-amazon.com/images/I/71hDOThUJXL.__AC_SX300_SY300_QL70_FMwebp_.jpg
Product Name:         Energizer LED Keychain Flashlights, Rugged Mini Pocket Flashlight, Water Resistant LED Light, (Batteries Included)       
Price element not found.
Availability Div: undefined
SKU: undefined
Product Image URL: undefined
Product Name: undefined
Price element not found.
Availability Div: undefined
SKU: undefined
Product Image URL: undefined
Product Name: undefined
Price element not found.
Availability Div: undefined
SKU: undefined
Product Image URL: undefined
Product Name: undefined
Price element not found.
Availability Div: undefined
SKU: undefined
Product Image URL: undefined
Product Name: undefined
Price element not found.
Availability Div: undefined
SKU: undefined
Product Image URL: undefined
Product Name: undefined
Price element not found.
Availability Div: undefined
SKU: undefined
Product Image URL: undefined
Product Name: undefined
Price element not found.
Availability Div: undefined
SKU: undefined
Product Image URL: undefined
Product Name: undefined
Price element not found.
Availability Div: undefined
SKU: undefined
Product Image URL: undefined
Product Name: undefined
Price element not found.
Availability Div: undefined
SKU: undefined
Product Image URL: undefined
Product Name: undefined
Price element not found.
Availability Div: undefined
SKU: undefined
Product Image URL: undefined
Product Name: undefined
Price element not found.
Availability Div: undefined
SKU: undefined
Product Image URL: undefined
Product Name: undefined
Price element not found.
Availability Div: undefined
SKU: undefined
Product Image URL: undefined
Product Name: undefined
Price element not found.
Availability Div: undefined
SKU: undefined
Product Image URL: undefined
Product Name: undefined
Price element not found.
Availability Div: undefined
SKU: undefined
Product Image URL: undefined
Product Name: undefined
Price element not found.
Availability Div: undefined
SKU: undefined
Product Image URL: undefined
Product Name: undefined
Price element not found.
Availability Div: undefined
SKU: undefined
Product Image URL: undefined
Product Name: undefined
Price element not found.
Availability Div: undefined
SKU: undefined
Product Image URL: undefined
Product Name: undefined
Price element not found.
Availability Div: undefined
SKU: undefined
Product Image URL: undefined
Product Name: undefined
Price element not found.
Availability Div: undefined
SKU: undefined
Product Image URL: undefined
Product Name: undefined
Price element not found.
Availability Div: undefined
SKU: undefined
Product Image URL: undefined
Product Name: undefined
Price element not found.
Availability Div: undefined
SKU: undefined
Product Image URL: undefined
Product Name: undefined
Price element not found.
Availability Div: undefined
SKU: undefined
Product Image URL: undefined
Product Name: undefined
Price element not found.
Availability Div: undefined
SKU: undefined
Product Image URL: undefined
Product Name: undefined
Price element not found.
Availability Div: undefined
SKU: undefined
Product Image URL: undefined
Product Name: undefined
Price element not found.
Availability Div: undefined
SKU: undefined
Product Image URL: undefined
Product Name: undefined
Price element not found.
Availability Div: undefined
SKU: undefined
Product Image URL: undefined
Product Name: undefined
Price element not found.
Availability Div: undefined
SKU: undefined
Product Image URL: undefined
Product Name: undefined
Price element not found.
Availability Div: undefined
SKU: undefined
Product Image URL: undefined
Product Name: undefined
Price element not found.
Availability Div: undefined
SKU: undefined
Product Image URL: undefined
Product Name: undefined
Price element not found.
Availability Div: undefined
SKU: undefined
Product Image URL: undefined
Product Name: undefined
Price element not found.
Availability Div: undefined
SKU: undefined
Product Image URL: undefined
Product Name: undefined
Price element not found.
Availability Div: undefined
SKU: undefined
Product Image URL: undefined
Product Name: undefined
Price element not found.
Availability Div: undefined
SKU: undefined
Product Image URL: undefined
Product Name: undefined
Price element not found.
Availability Div: undefined
SKU: undefined
Product Image URL: undefined
Product Name: undefined
Price element not found.
Availability Div: undefined
SKU: undefined
Product Image URL: undefined
Product Name: undefined
Price element not found.
Availability Div: undefined
SKU: undefined
Product Image URL: undefined
Product Name: undefined
Price element not found.
Availability Div: undefined
SKU: undefined
Product Image URL: undefined
Product Name: undefined
Price element not found.
Availability Div: undefined
SKU: undefined
Product Image URL: undefined
Product Name: undefined
Price element not found.
Availability Div: undefined
SKU: undefined
Product Image URL: undefined
Product Name: undefined
Price element not found.
Availability Div: undefined
SKU: undefined
Product Image URL: undefined
Product Name: undefined
Price element not found.
Availability Div: undefined
SKU: undefined
Product Image URL: undefined
Product Name: undefined
Price element not found.
Availability Div: undefined
SKU: undefined
Product Image URL: undefined
Product Name: undefined
Price element not found.
Availability Div: hGB2apbkB6RXoArfQdBf%2BZFJ23FLWQhSjSAdPyvb5S7w%2Fd6SllzwqcUsA6KgYNcL79IXLmm6qVnoU3ubgjhvXmOpOKEEWS%2B0Vwk6Gdj2bKn9LaO%2FGBb%2F5hyxGMfxdONkj26sPv1Y%2FVbm0vHNLuMdRAAdXyxeFUGvjsg%2FhAxGB5zyUBvIaRzfg5ic%2FERlOay1
SKU: B09YDFND48
Product Image URL: https://m.media-amazon.com/images/I/416tgigmJuL._SX300_SY300_QL70_FMwebp_.jpg
Product Name:         CeraVe AM Face Moisturizer with SPF, PM Face Moisturizer &amp; Hydrating Face Wash Skin Care Routine for Morning &amp; Night | Travel Size Toiletries | 3oz Lotion + 3oz Lotion + 3oz Cleanser       
Price: $39.08
Savings Percentage: -22%
        CeraVe AM Face Moisturizer with SPF, PM Face Moisturizer &amp; Hydrating Face Wash Skin Care Routine for Morning &amp; Night | Travel Size Toiletries | 3oz Lotion + 3oz Lotion + 3oz Cleanser       : IN STOCK
Notification sent
Availability Div: undefined
SKU: undefined
Product Image URL: undefined
Product Name: undefined
Price element not found.
Availability Div: undefined
SKU: undefined
Product Image URL: undefined
Product Name: undefined
Price element not found.
Availability Div: undefined
SKU: undefined
Product Image URL: undefined
Product Name: undefined
Price element not found.
Availability Div: undefined
SKU: undefined
Product Image URL: undefined
Product Name: undefined
Price element not found.
Availability Div: undefined
SKU: undefined
Product Image URL: undefined
Product Name: undefined
Price element not found.
Availability Div: undefined
SKU: undefined
Product Image URL: undefined
Product Name: undefined
Price element not found.
Availability Div: undefined
SKU: undefined
Product Image URL: undefined
Product Name: undefined
Price element not found.
Availability Div: undefined
SKU: undefined
Product Image URL: undefined
Product Name: undefined
Price element not found.
Availability Div: undefined
SKU: undefined
Product Image URL: undefined
Product Name: undefined
Price element not found.
Availability Div: undefined
SKU: undefined
Product Image URL: undefined
Product Name: undefined
Price element not found.
Availability Div: DEUyJghh1njySk3qZWUf4WwTrFGT%2F%2BLijJmhM6bUtxDq92ZCcdAOcsZj6rwfkCEI6LWIjUXYBeyerN4NyaX6hJMvX%2B8%2FZG8rHeYerYhDEnjgc7KnYoGtUv9f5zN8TSQYQK5iVB8WVNLDVLMOeZvqpNC4FaI%2FXp0vr%2FwC6%2BKNmQIEw2Nt7xaz%2F0fKuCliZspI
SKU: B0BKT5SFXY
Product Image URL: https://m.media-amazon.com/images/I/812XEZuyGIL.__AC_SX300_SY300_QL70_FMwebp_.jpg
Product Name:         Kuject Large Shoe Organizers Storage Boxes for Closet 12 Pack, Clear Plastic Stackable Sneaker Containers Bins with Lids, Great Substitute for Shoe Rack, Space Saving for Entryway, Under Bed, Grey       
Price: $41.99
Savings Percentage: -30%
        Kuject Large Shoe Organizers Storage Boxes for Closet 12 Pack, Clear Plastic Stackable Sneaker Containers Bins with Lids, Great Substitute for Shoe Rack, Space Saving for Entryway, Under Bed, Grey       : IN STOCK
Notification sent
Availability Div: undefined
SKU: undefined
Product Image URL: undefined
Product Name: undefined
Price element not found.
Availability Div: undefined
SKU: undefined
Product Image URL: undefined
Product Name: undefined
Price element not found.
Availability Div: undefined
SKU: undefined
Product Image URL: undefined
Product Name: undefined
Price element not found.
Availability Div: undefined
SKU: undefined
Product Image URL: undefined
Product Name: undefined
Price element not found.
Availability Div: undefined
SKU: undefined
Product Image URL: undefined
Product Name: undefined
Price element not found.
Availability Div: undefined
SKU: undefined
Product Image URL: undefined
Product Name: undefined
Price element not found.
Availability Div: undefined
SKU: undefined
Product Image URL: undefined
Product Name: undefined
Price element not found.
Availability Div: undefined
SKU: undefined
Product Image URL: undefined
Product Name: undefined
Price element not found.
Availability Div: undefined
SKU: undefined
Product Image URL: undefined
Product Name: undefined
Price element not found.
Availability Div: undefined
SKU: undefined
Product Image URL: undefined
Product Name: undefined
Price element not found.
Availability Div: undefined
SKU: undefined
Product Image URL: undefined
Product Name: undefined
Price element not found.
Availability Div: AEIKeQ0RPGtUfjm2ZIYgmZRJ4l%2F%2BhJWyQU5mzjFtkdqFqZJGtYOr6pQqnHmXeQpF7%2Bz05GVgflL7usaaKlGPwmuOt7pwQ4aXtEzM56Nvtw1QcCo2cmy%2BvDb7GByfRFeTFJYjoVMKTcdg%2Fdx14dgry2k%2BvuZz27GBviHH09t6PrIdYRMzl2bm7qOV4CxzH7ZI
SKU: B0BKT5SFXY
Product Image URL: https://m.media-amazon.com/images/I/812XEZuyGIL.__AC_SX300_SY300_QL70_FMwebp_.jpg
Product Name:         Kuject Large Shoe Organizers Storage Boxes for Closet 12 Pack, Clear Plastic Stackable Sneaker Containers Bins with Lids, Great Substitute for Shoe Rack, Space Saving for Entryway, Under Bed, Grey       
Price: $41.99
Savings Percentage: -30%
        Kuject Large Shoe Organizers Storage Boxes for Closet 12 Pack, Clear Plastic Stackable Sneaker Containers Bins with Lids, Great Substitute for Shoe Rack, Space Saving for Entryway, Under Bed, Grey       : IN STOCK
Notification sent
Availability Div: w6SENo6IJD3iuQa6mII%2BakeS8xaJ%2FCSRYA5Tms8BkF5in5HFrFZi7%2Fb%2B%2Fmnu1siTFx89Gg4yLwj%2BRaw%2BNThWBqMu4rcgMD22NDoAKRdkChIcYUxEce4d43bITkOyZyXI33W4xalpaAO8Cr6DEXhREQ%3D%3D
SKU: B0B5B53NR7
Product Image URL: https://m.media-amazon.com/images/I/51xlcyFnbtL._SX300_SY300_QL70_FMwebp_.jpg
Product Name:         Gillette Clear Gel Men’s Antiperspirant and Deodorant, 72-Hour Sweat Protection, Cool Wave, #1 Clear Gel Brand for Men, 3.8 oz (Pack of 4)       
Price element not found.
Availability Div: undefined
SKU: undefined
Product Image URL: undefined
Product Name: undefined
Price element not found.
Availability Div: undefined
SKU: undefined
Product Image URL: undefined
Product Name: undefined
Price element not found.
Availability Div: undefined
SKU: undefined
Product Image URL: undefined
Product Name: undefined
Price element not found.
Availability Div: undefined
SKU: undefined
Product Image URL: undefined
Product Name: undefined
Price element not found.
Availability Div: undefined
SKU: undefined
Product Image URL: undefined
Product Name: undefined
Price element not found.
Availability Div: undefined
SKU: undefined
Product Image URL: undefined
Product Name: undefined
Price element not found.
Availability Div: undefined
SKU: undefined
Product Image URL: undefined
Product Name: undefined
Price element not found.
Availability Div: undefined
SKU: undefined
Product Image URL: undefined
Product Name: undefined
Price element not found.
Availability Div: undefined
SKU: undefined
Product Image URL: undefined
Product Name: undefined
Price element not found.
Availability Div: undefined
SKU: undefined
Product Image URL: undefined
Product Name: undefined
Price element not found.
Availability Div: undefined
SKU: undefined
Product Image URL: undefined
Product Name: undefined
Price element not found.
Availability Div: undefined
SKU: undefined
Product Image URL: undefined
Product Name: undefined
Price element not found.
Availability Div: undefined
SKU: undefined
Product Image URL: undefined
Product Name: undefined
Price element not found.
Availability Div: 
SKU: B086ZPGH3C
Product Image URL: https://m.media-amazon.com/images/I/71zmVaNwBqS.__AC_SX395_SY395_QL70_FMwebp_.jpg
Product Name:         DREAM PAIRS Men&#39;s Moccasin Slippers Fuzzy Plush House Shoes Indoor Outdoor Fleece Lining Loafers       
OUT OF STOCK
Availability Div: undefined
SKU: undefined
Product Image URL: undefined
Product Name: undefined
Price element not found.
Availability Div: undefined
SKU: undefined
Product Image URL: undefined
Product Name: undefined
Price element not found.
Availability Div: undefined
SKU: undefined
Product Image URL: undefined
Product Name: undefined
Price element not found.
Availability Div: undefined
SKU: undefined
Product Image URL: undefined
Product Name: undefined
Price element not found.
Availability Div: undefined
SKU: undefined
Product Image URL: undefined
Product Name: undefined
Price element not found.
Availability Div: undefined
SKU: undefined
Product Image URL: undefined
Product Name: undefined
Price element not found.
Availability Div: undefined
SKU: undefined
Product Image URL: undefined
Product Name: undefined
Price element not found.
Availability Div: undefined
SKU: undefined
Product Image URL: undefined
Product Name: undefined
Price element not found.
Availability Div: undefined
SKU: undefined
Product Image URL: undefined
Product Name: undefined
Price element not found.
Availability Div: undefined
SKU: undefined
Product Image URL: undefined
Product Name: undefined
Price element not found.
Availability Div: undefined
SKU: undefined
Product Image URL: undefined
Product Name: undefined
Price element not found.
Availability Div: undefined
SKU: undefined
Product Image URL: undefined
Product Name: undefined
Price element not found.
Availability Div: DG6moyJTtmGZw4pfP3WGAh2Homu3GkwIo6%2Br9JzeUS%2FwHQHGAaRoWz8aI1GPLMk3G4Cygs%2Fxe3Bq9vD6W8HyDk7j4uCCrwNO3cmwkLzIf2WxGXViyAZaBrHDrmg32gmRlN6m8JbbklwVMnQ17qUKJ%2FuY2K62eTinmh1NVt4o9PpxX8AZgl3e%2BSN9cgRXNkKE
SKU: B0BKT5SFXY
Product Image URL: https://m.media-amazon.com/images/I/812XEZuyGIL.__AC_SX300_SY300_QL70_FMwebp_.jpg
Product Name:         Kuject Large Shoe Organizers Storage Boxes for Closet 12 Pack, Clear Plastic Stackable Sneaker Containers Bins with Lids, Great Substitute for Shoe Rack, Space Saving for Entryway, Under Bed, Grey       
Price: $41.99
Savings Percentage: -30%
        Kuject Large Shoe Organizers Storage Boxes for Closet 12 Pack, Clear Plastic Stackable Sneaker Containers Bins with Lids, Great Substitute for Shoe Rack, Space Saving for Entryway, Under Bed, Grey       : IN STOCK
Notification sent
Availability Div: undefined
SKU: undefined
Product Image URL: undefined
Product Name: undefined
Price element not found.
Availability Div: undefined
SKU: undefined
Product Image URL: undefined
Product Name: undefined
Price element not found.
Availability Div: undefined
SKU: undefined
Product Image URL: undefined
Product Name: undefined
Price element not found.
Availability Div: undefined
SKU: undefined
Product Image URL: undefined
Product Name: undefined
Price element not found.
Availability Div: 
SKU: B086ZPGH3C
Product Image URL: https://m.media-amazon.com/images/I/71zmVaNwBqS.__AC_SX395_SY395_QL70_FMwebp_.jpg
Product Name:         DREAM PAIRS Men&#39;s Moccasin Slippers Fuzzy Plush House Shoes Indoor Outdoor Fleece Lining Loafers       
OUT OF STOCK
Availability Div: undefined
SKU: undefined
Product Image URL: undefined
Product Name: undefined
Price element not found.
Availability Div: undefined
SKU: undefined
Product Image URL: undefined
Product Name: undefined
Price element not found.
Availability Div: undefined
SKU: undefined
Product Image URL: undefined
Product Name: undefined
Price element not found.
Availability Div: undefined
SKU: undefined
Product Image URL: undefined
Product Name: undefined
Price element not found.
Availability Div: undefined
SKU: undefined
Product Image URL: undefined
Product Name: undefined
Price element not found.
Availability Div: undefined
SKU: undefined
Product Image URL: undefined
Product Name: undefined
Price element not found.
Availability Div: undefined
SKU: undefined
Product Image URL: undefined
Product Name: undefined
Price element not found.
Availability Div: X92RXZl52or5J8EfU6VN79AynWb%2F5fecBP%2FDQs6zG4f0u5RRQrNygKJQX0IOvGxf8Np%2FNagSKXx14mZeeuelDLLu34dYGTdHfgOEijWHkV3rukf2tFiIU%2FQ0iDhrHCBNnTtMzf%2F9CDMClWQgHCDpwPhmhsY2hShG6eVjDt%2BHUlAKD7EGgiyJTFruRftFTivt
SKU: B09YDFND48
Product Image URL: https://m.media-amazon.com/images/I/416tgigmJuL._SX300_SY300_QL70_FMwebp_.jpg
Product Name:         CeraVe AM Face Moisturizer with SPF, PM Face Moisturizer &amp; Hydrating Face Wash Skin Care Routine for Morning &amp; Night | Travel Size Toiletries | 3oz Lotion + 3oz Lotion + 3oz Cleanser       
Price: $39.08
Savings Percentage: -22%
Availability Div: undefined
SKU: undefined
Product Image URL: undefined
Product Name: undefined
Price element not found.
        CeraVe AM Face Moisturizer with SPF, PM Face Moisturizer &amp; Hydrating Face Wash Skin Care Routine for Morning &amp; Night | Travel Size Toiletries | 3oz Lotion + 3oz Lotion + 3oz Cleanser       : IN STOCK
Notification sent
Availability Div: undefined
SKU: undefined
Product Image URL: undefined
Product Name: undefined
Price element not found.
Availability Div: undefined
SKU: undefined
Product Image URL: undefined
Product Name: undefined
Price element not found.
Availability Div: undefined
SKU: undefined
Product Image URL: undefined
Product Name: undefined
Price element not found.
Availability Div: undefined
SKU: undefined
Product Image URL: undefined
Product Name: undefined
Price element not found.
Starting your Node.js script...
This is a log message.
This is an error message.
Availability Div: undefined
SKU: undefined
Product Image URL: undefined
Product Name: undefined
Price element not found.
Availability Div: undefined
SKU: undefined
Product Image URL: undefined
Product Name: undefined
Price element not found.
Availability Div: undefined
SKU: undefined
Product Image URL: undefined
Product Name: undefined
Price element not found.
Availability Div: undefined
SKU: undefined
Product Image URL: undefined
Product Name: undefined
Price element not found.
Availability Div: undefined
SKU: undefined
Product Image URL: undefined
Product Name: undefined
Price element not found.
Availability Div: Fto6hyM7Byp8gauUnvXpfO8Uf9bbGMZPwOu3WBh2enKfSoYRgwycCCAWitJs%2BZYfn2TlP8%2BWOo%2Bkn5LSXhiwXnNlRYJEQB6aqB6uXdrndCoXkcfj%2BRCxg6VthHIATxnibN6kWEH%2BunvxUxnfpuWbLr5zZrYtju9T3omqL07KqkeDOAoAdTBjdCgJFWDmGCF3
SKU: B0BYZCX3FD
Product Image URL: https://m.media-amazon.com/images/I/61yTGhLuA6L.__AC_SX300_SY300_QL70_FMwebp_.jpg
Product Name:         Handheld Bug Zapper Racket Cordless Fly Swatter Electric with UV Trap Light &amp; Mosquito Bait, Rechargeable Fly Zapper for Home Patio Kitchen Camping       
Price: $26.98
Savings Percentage: -10%
Availability Div: h3pE16wpP3PzxcfHk0iGOJQ14jVOQDKKt9EGEShRbgyqAQ3Hj2N5BYO3fVMBbtQJcXGWTmNbOm05zJ2aeQ6Jv90H%2FkrWhPG80KIP%2BuBFSmL2C4oMPe2LsmDnV6WcU%2Bm2wKoLWlWJSBRtdbeY7HirzeUshWL8M5cxdyIERS8LY6SA6oD9L%2BELPDd%2FFCb0stJ0
SKU: B0BKT5SFXY
Product Image URL: https://m.media-amazon.com/images/I/812XEZuyGIL.__AC_SX300_SY300_QL70_FMwebp_.jpg
Product Name:         Kuject Large Shoe Organizers Storage Boxes for Closet 12 Pack, Clear Plastic Stackable Sneaker Containers Bins with Lids, Great Substitute for Shoe Rack, Space Saving for Entryway, Under Bed, Grey       
Price: $41.99
Savings Percentage: -30%
        Kuject Large Shoe Organizers Storage Boxes for Closet 12 Pack, Clear Plastic Stackable Sneaker Containers Bins with Lids, Great Substitute for Shoe Rack, Space Saving for Entryway, Under Bed, Grey       : IN STOCK
Notification sent
        Handheld Bug Zapper Racket Cordless Fly Swatter Electric with UV Trap Light &amp; Mosquito Bait, Rechargeable Fly Zapper for Home Patio Kitchen Camping       : IN STOCK
Notification sent
Availability Div: undefined
SKU: undefined
Product Image URL: undefined
Product Name: undefined
Price element not found.
Availability Div: undefined
SKU: undefined
Product Image URL: undefined
Product Name: undefined
Price element not found.
Availability Div: undefined
SKU: undefined
Product Image URL: undefined
Product Name: undefined
Price element not found.
Availability Div: undefined
SKU: undefined
Product Image URL: undefined
Product Name: undefined
Price element not found.
Availability Div: undefined
SKU: undefined
Product Image URL: undefined
Product Name: undefined
Price element not found.
Availability Div: undefined
SKU: undefined
Product Image URL: undefined
Product Name: undefined
Price element not found.
Availability Div: undefined
SKU: undefined
Product Image URL: undefined
Product Name: undefined
Price element not found.
Availability Div: undefined
SKU: undefined
Product Image URL: undefined
Product Name: undefined
Price element not found.
Availability Div: undefined
SKU: undefined
Product Image URL: undefined
Product Name: undefined
Price element not found.
Availability Div: undefined
SKU: undefined
Product Image URL: undefined
Product Name: undefined
Price element not found.
Availability Div: undefined
SKU: undefined
Product Image URL: undefined
Product Name: undefined
Price element not found.
Availability Div: undefined
SKU: undefined
Product Image URL: undefined
Product Name: undefined
Price element not found.
Availability Div: undefined
SKU: undefined
Product Image URL: undefined
Product Name: undefined
Price element not found.
Availability Div: undefined
SKU: undefined
Product Image URL: undefined
Product Name: undefined
Price element not found.
Starting your Node.js script...
This is a log message.
This is an error message.
Availability Div: undefined
SKU: undefined
Product Image URL: undefined
Product Name: undefined
Price element not found.
Starting your Node.js script...
This is a log message.
This is an error message.
Availability Div: undefined
SKU: undefined
Product Image URL: undefined
Product Name: undefined
Price element not found.
Availability Div: undefined
SKU: undefined
Product Image URL: undefined
Product Name: undefined
Price element not found.
Availability Div: undefined
SKU: undefined
Product Image URL: undefined
Product Name: undefined
Price element not found.
Availability Div: undefined
SKU: undefined
Product Image URL: undefined
Product Name: undefined
Price element not found.
Availability Div: undefined
SKU: undefined
Product Image URL: undefined
Product Name: undefined
Price element not found.
Availability Div: undefined
SKU: undefined
Product Image URL: undefined
Product Name: undefined
Price element not found.
Availability Div: undefined
